<?xml version="1.0" encoding="UTF-8"?>
<testsuite name="com.example.ScheduleApplicationTests" tests="1" skipped="0" failures="0" errors="0" timestamp="2023-11-06T07:53:20" hostname="NEWPC" time="0.557">
  <properties/>
  <testcase name="contextLoads()" classname="com.example.ScheduleApplicationTests" time="0.557"/>
  <system-out><![CDATA[16:53:16.724 [Test worker] INFO org.springframework.test.context.support.AnnotationConfigContextLoaderUtils -- Could not detect default configuration classes for test class [com.example.ScheduleApplicationTests]: ScheduleApplicationTests does not declare any static, non-private, non-final, nested classes annotated with @Configuration.
16:53:16.812 [Test worker] INFO org.springframework.boot.test.context.SpringBootTestContextBootstrapper -- Found @SpringBootConfiguration com.example.ScheduleApplication for test class com.example.ScheduleApplicationTests

  .   ____          _            __ _ _
 /\\ / ___'_ __ _ _(_)_ __  __ _ \ \ \ \
( ( )\___ | '_ | '_| | '_ \/ _` | \ \ \ \
 \\/  ___)| |_)| | | | | || (_| |  ) ) ) )
  '  |____| .__|_| |_|_| |_\__, | / / / /
 =========|_|==============|___/=/_/_/_/
 :: Spring Boot ::                (v3.1.5)

2023-11-06T16:53:17.154+09:00  INFO 35724 --- [    Test worker] com.example.ScheduleApplicationTests     : Starting ScheduleApplicationTests using Java 17.0.7 with PID 35724 (started by ryox0 in C:\Users\ryox0\git\schedule)
2023-11-06T16:53:17.155+09:00  INFO 35724 --- [    Test worker] com.example.ScheduleApplicationTests     : No active profile set, falling back to 1 default profile: "default"
2023-11-06T16:53:17.870+09:00  INFO 35724 --- [    Test worker] .s.d.r.c.RepositoryConfigurationDelegate : Bootstrapping Spring Data JPA repositories in DEFAULT mode.
2023-11-06T16:53:17.894+09:00  INFO 35724 --- [    Test worker] .s.d.r.c.RepositoryConfigurationDelegate : Finished Spring Data repository scanning in 15 ms. Found 0 JPA repository interfaces.
2023-11-06T16:53:18.237+09:00  INFO 35724 --- [    Test worker] com.zaxxer.hikari.HikariDataSource       : HikariPool-1 - Starting...
2023-11-06T16:53:18.436+09:00  INFO 35724 --- [    Test worker] com.zaxxer.hikari.pool.HikariPool        : HikariPool-1 - Added connection conn0: url=jdbc:h2:mem:d55d0c93-0f85-4a4f-86b3-ec4b0e98d0c0 user=SA
2023-11-06T16:53:18.437+09:00  INFO 35724 --- [    Test worker] com.zaxxer.hikari.HikariDataSource       : HikariPool-1 - Start completed.
2023-11-06T16:53:18.487+09:00  INFO 35724 --- [    Test worker] o.hibernate.jpa.internal.util.LogHelper  : HHH000204: Processing PersistenceUnitInfo [name: default]
2023-11-06T16:53:18.562+09:00  INFO 35724 --- [    Test worker] org.hibernate.Version                    : HHH000412: Hibernate ORM core version 6.2.13.Final
2023-11-06T16:53:18.564+09:00  INFO 35724 --- [    Test worker] org.hibernate.cfg.Environment            : HHH000406: Using bytecode reflection optimizer
2023-11-06T16:53:18.840+09:00  INFO 35724 --- [    Test worker] o.s.o.j.p.SpringPersistenceUnitInfo      : No LoadTimeWeaver setup: ignoring JPA class transformer
2023-11-06T16:53:19.117+09:00  INFO 35724 --- [    Test worker] o.h.e.t.j.p.i.JtaPlatformInitiator       : HHH000489: No JTA platform available (set 'hibernate.transaction.jta.platform' to enable JTA platform integration)
2023-11-06T16:53:19.121+09:00  INFO 35724 --- [    Test worker] j.LocalContainerEntityManagerFactoryBean : Initialized JPA EntityManagerFactory for persistence unit 'default'
2023-11-06T16:53:19.293+09:00  WARN 35724 --- [    Test worker] JpaBaseConfiguration$JpaWebConfiguration : spring.jpa.open-in-view is enabled by default. Therefore, database queries may be performed during view rendering. Explicitly configure spring.jpa.open-in-view to disable this warning
2023-11-06T16:53:20.206+09:00  INFO 35724 --- [    Test worker] com.example.ScheduleApplicationTests     : Started ScheduleApplicationTests in 3.244 seconds (process running for 4.254)
]]></system-out>
  <system-err><![CDATA[]]></system-err>
</testsuite>
